Build started 29/01/2016 13:50:21.
     1>Project "E:\uni work\low level graphics\program\RayTracerFramework\RayTracerSmall\RayTracerSmall.vcxproj" on node 2 (Build target(s)).
     1>ClCompile:
         C:\Program Files (x86)\Microsoft Visual Studio 14.0\VC\bin\CL.exe /c /ZI /nologo /W3 /WX- /Od /Oy- /D WIN32 /D _DEBUG /D _CONSOLE /D _UNICODE /D UNICODE /Gm /EHsc /RTC1 /MDd /GS /fp:precise /Zc:wchar_t /Zc:forScope /Zc:inline /Fo"Debug\\" /Fd"Debug\vc140.pdb" /Gd /TP /analyze- /errorReport:prompt Renderer.cpp Scene.cpp main.cpp
         Scene.cpp
     1>e:\uni work\low level graphics\program\raytracerframework\raytracersmall\definitions.h(8): warning C4005: 'INFINITY': macro redefinition
         c:\program files (x86)\windows kits\10\include\10.0.10150.0\ucrt\math.h(78): note: see previous definition of 'INFINITY'
     1>e:\uni work\low level graphics\program\raytracerframework\raytracersmall\renderer.h(26): error C4430: missing type specifier - int assumed. Note: C++ does not support default-int
     1>e:\uni work\low level graphics\program\raytracerframework\raytracersmall\renderer.h(26): error C2143: syntax error: missing ',' before '&'
     1>e:\uni work\low level graphics\program\raytracerframework\raytracersmall\renderer.h(30): error C4430: missing type specifier - int assumed. Note: C++ does not support default-int
     1>e:\uni work\low level graphics\program\raytracerframework\raytracersmall\renderer.h(30): error C2143: syntax error: missing ',' before '&'
     1>e:\uni work\low level graphics\program\raytracerframework\raytracersmall\scene.cpp(20): warning C4244: 'argument': conversion from 'int' to 'const float', possible loss of data
         Generating Code...
         Compiling...
         Renderer.cpp
     1>e:\uni work\low level graphics\program\raytracerframework\raytracersmall\definitions.h(8): warning C4005: 'INFINITY': macro redefinition
         c:\program files (x86)\windows kits\10\include\10.0.10150.0\ucrt\math.h(78): note: see previous definition of 'INFINITY'
     1>e:\uni work\low level graphics\program\raytracerframework\raytracersmall\renderer.cpp(46): warning C4305: 'initializing': truncation from 'double' to 'float'
     1>e:\uni work\low level graphics\program\raytracerframework\raytracersmall\renderer.cpp(52): warning C4305: 'argument': truncation from 'double' to 'const float'
     1>e:\uni work\low level graphics\program\raytracerframework\raytracersmall\renderer.cpp(61): warning C4305: 'initializing': truncation from 'double' to 'float'
     1>e:\uni work\low level graphics\program\raytracerframework\raytracersmall\renderer.cpp(105): warning C4018: '<': signed/unsigned mismatch
     1>e:\uni work\low level graphics\program\raytracerframework\raytracersmall\renderer.cpp(126): warning C4305: 'initializing': truncation from 'double' to 'float'
     1>e:\uni work\low level graphics\program\raytracerframework\raytracersmall\renderer.cpp(132): warning C4305: 'argument': truncation from 'double' to 'const float'
     1>e:\uni work\low level graphics\program\raytracerframework\raytracersmall\renderer.cpp(141): warning C4305: 'initializing': truncation from 'double' to 'float'
     1>e:\uni work\low level graphics\program\raytracerframework\raytracersmall\renderer.cpp(155): warning C4018: '<': signed/unsigned mismatch
     1>e:\uni work\low level graphics\program\raytracerframework\raytracersmall\renderer.cpp(161): warning C4018: '<': signed/unsigned mismatch
     1>e:\uni work\low level graphics\program\raytracerframework\raytracersmall\renderer.cpp(195): warning C4244: 'initializing': conversion from 'double' to 'float', possible loss of data
     1>e:\uni work\low level graphics\program\raytracerframework\raytracersmall\renderer.cpp(199): warning C4244: 'initializing': conversion from 'double' to 'float', possible loss of data
     1>e:\uni work\low level graphics\program\raytracerframework\raytracersmall\renderer.cpp(200): warning C4244: 'initializing': conversion from 'double' to 'float', possible loss of data
     1>e:\uni work\low level graphics\program\raytracerframework\raytracersmall\renderer.cpp(239): warning C4244: 'initializing': conversion from 'double' to 'float', possible loss of data
     1>e:\uni work\low level graphics\program\raytracerframework\raytracersmall\renderer.cpp(243): warning C4244: 'initializing': conversion from 'double' to 'float', possible loss of data
     1>e:\uni work\low level graphics\program\raytracerframework\raytracersmall\renderer.cpp(244): warning C4244: 'initializing': conversion from 'double' to 'float', possible loss of data
         Generating Code...
         Compiling...
         main.cpp
     1>e:\uni work\low level graphics\program\raytracerframework\raytracersmall\definitions.h(8): warning C4005: 'INFINITY': macro redefinition
         c:\program files (x86)\windows kits\10\include\10.0.10150.0\ucrt\math.h(78): note: see previous definition of 'INFINITY'
     1>e:\uni work\low level graphics\program\raytracerframework\raytracersmall\main.cpp(50): warning C4244: 'argument': conversion from 'float' to 'int', possible loss of data
         Generating Code...
     1>Done Building Project "E:\uni work\low level graphics\program\RayTracerFramework\RayTracerSmall\RayTracerSmall.vcxproj" (Build target(s)) -- FAILED.

Build FAILED.

Time Elapsed 00:00:01.65
